0 info it worked if it ends with ok
1 verbose cli [ 'node', '/usr/local/bin/npm', 'publish' ]
2 info using npm@3.3.5
3 info using node@v0.12.7
4 verbose publish [ '.' ]
5 silly cache add args [ '.', null ]
6 verbose cache add spec .
7 silly cache add parsed spec { raw: '.',
7 silly cache add   scope: null,
7 silly cache add   name: null,
7 silly cache add   rawSpec: '.',
7 silly cache add   spec: '/Users/Dynopia/tmp/m3u8_to_mpegts',
7 silly cache add   type: 'directory' }
8 verbose addLocalDirectory /Users/Dynopia/.npm/m3u8_to_mpegts/1.0.0/package.tgz not in flight; packing
9 info lifecycle m3u8_to_mpegts@1.0.0~prepublish: m3u8_to_mpegts@1.0.0
10 silly lifecycle m3u8_to_mpegts@1.0.0~prepublish: no script for prepublish, continuing
11 verbose tar pack [ '/Users/Dynopia/.npm/m3u8_to_mpegts/1.0.0/package.tgz',
11 verbose tar pack   '/Users/Dynopia/tmp/m3u8_to_mpegts' ]
12 verbose tarball /Users/Dynopia/.npm/m3u8_to_mpegts/1.0.0/package.tgz
13 verbose folder /Users/Dynopia/tmp/m3u8_to_mpegts
14 verbose addLocalTarball adding from inside cache /Users/Dynopia/.npm/m3u8_to_mpegts/1.0.0/package.tgz
15 silly cache afterAdd m3u8_to_mpegts@1.0.0
16 verbose afterAdd /Users/Dynopia/.npm/m3u8_to_mpegts/1.0.0/package/package.json not in flight; writing
17 verbose afterAdd /Users/Dynopia/.npm/m3u8_to_mpegts/1.0.0/package/package.json written
18 silly publish { name: 'm3u8_to_mpegts',
18 silly publish   version: '1.0.0',
18 silly publish   description: 'A small library that allows the user to download mpeg-ts chunk files after he provides it with a m3u8 playlist url file, and an output directory.',
18 silly publish   main: 'index.js',
18 silly publish   homepage: 'https://github.com/SudoPlz/m3u8_to_mpegts#readme',
18 silly publish   devDependencies: {},
18 silly publish   scripts: { test: 'echo "Error: no test specified" && exit 1' },
18 silly publish   repository:
18 silly publish    { type: 'git',
18 silly publish      url: 'git+https://github.com/SudoPlz/m3u8_to_mpegts.git' },
18 silly publish   keywords: [ 'm3u8', 'ts', 'hls', 'm3u8_to_mpegts', 'converter' ],
18 silly publish   author: { name: 'Ioannis Kokkinidis', email: 'sudoplz@gmail.com' },
18 silly publish   contributors:
18 silly publish    [ { name: 'Dylan Dove', url: 'http://www.dylandove.com' },
18 silly publish      { name: 'Jon-Carlos Rivera',
18 silly publish        email: 'jon.carlos.rivera@gmail.com',
18 silly publish        url: 'http://jon-carlos.com/' },
18 silly publish      { name: 'Brandon Casey',
18 silly publish        email: 'brandonocasey@gmail.com',
18 silly publish        url: 'https://github.com/brandonocasey' } ],
18 silly publish   license: 'MIT',
18 silly publish   bugs: { url: 'https://github.com/SudoPlz/m3u8_to_mpegts/issues' },
18 silly publish   dependencies:
18 silly publish    { async: '^1.5.0',
18 silly publish      fetch: '^0.3.6',
18 silly publish      mkdirp: '^0.5.1',
18 silly publish      pkcs7: '^0.2.3' },
18 silly publish   readme: '# LIVE-HLS-FETCHER (JS ONLY)\n\nA simple CLI tool to fetch an entire hls manifest and it\'s segments and save it all locally.\n\n## Installation\n\n``` \nnpm install m3u8_to_mpegts\n```\n\n### Usage\nThen on your main file you run this\n\n**Example**\n    \n    var tsFetcher = require(\'m3u8_to_mpegts\');\n\n\ttsFetcher({\n\t\t    uri: "http://api.new.livestream.com/accounts/15210385/events/4353996/videos/113444715.m3u8",\n\t\t    cwd: "destinationDirectory",\n\t\t    preferLowQuality: true,\n\t    }, \n\t   function(){\n    \t   console.log("Download of chunk files complete");\n\t   }\n\t);\n\n\n\nSpecial thanks to:\n\n [Tenacex](https://github.com/tenacex) for making it live\n\nand \n\n[imbcmdth](https://github.com/imbcmdth) for creating hls-fetcher.\n\n',
18 silly publish   readmeFilename: 'README.md',
18 silly publish   gitHead: 'a20066e118bc4fe1c9319e1b64fcb548703dd02a',
18 silly publish   _id: 'm3u8_to_mpegts@1.0.0',
18 silly publish   _shasum: '1acaefb9b199aeb8092e5db34d1ac141d2ec0ffe',
18 silly publish   _from: '.' }
19 verbose getPublishConfig undefined
20 silly mapToRegistry name m3u8_to_mpegts
21 silly mapToRegistry using default registry
22 silly mapToRegistry registry https://registry.npmjs.org/
23 silly mapToRegistry uri https://registry.npmjs.org/m3u8_to_mpegts
24 verbose publish registryBase https://registry.npmjs.org/
25 silly publish uploading /Users/Dynopia/.npm/m3u8_to_mpegts/1.0.0/package.tgz
26 verbose request uri https://registry.npmjs.org/m3u8_to_mpegts
27 verbose request sending authorization for write operation
28 info attempt registry request try #1 at 4:24:03 AM
29 verbose request using bearer token for auth
30 verbose request id 8212294039996481
31 http request PUT https://registry.npmjs.org/m3u8_to_mpegts
32 http 403 https://registry.npmjs.org/m3u8_to_mpegts
33 verbose headers { 'content-type': 'application/json',
33 verbose headers   'cache-control': 'max-age=300',
33 verbose headers   'content-length': '95',
33 verbose headers   'accept-ranges': 'bytes',
33 verbose headers   date: 'Fri, 11 Mar 2016 02:24:04 GMT',
33 verbose headers   via: '1.1 varnish',
33 verbose headers   connection: 'keep-alive',
33 verbose headers   'x-served-by': 'cache-fra1235-FRA',
33 verbose headers   'x-cache': 'MISS',
33 verbose headers   'x-cache-hits': '0',
33 verbose headers   'x-timer': 'S1457663043.819126,VS0,VE1100' }
34 verbose request invalidating /Users/Dynopia/.npm/registry.npmjs.org/m3u8_to_mpegts on PUT
35 error publish Failed PUT 403
36 verbose stack Error: "You cannot publish over the previously published version 1.0.0." : m3u8_to_mpegts
36 verbose stack     at makeError (/usr/local/lib/node_modules/npm/node_modules/npm-registry-client/lib/request.js:264:12)
36 verbose stack     at CachingRegistryClient.<anonymous> (/usr/local/lib/node_modules/npm/node_modules/npm-registry-client/lib/request.js:252:14)
36 verbose stack     at Request._callback (/usr/local/lib/node_modules/npm/node_modules/npm-registry-client/lib/request.js:172:14)
36 verbose stack     at Request.self.callback (/usr/local/lib/node_modules/npm/node_modules/request/request.js:198:22)
36 verbose stack     at Request.emit (events.js:110:17)
36 verbose stack     at Request.<anonymous> (/usr/local/lib/node_modules/npm/node_modules/request/request.js:1063:14)
36 verbose stack     at Request.emit (events.js:129:20)
36 verbose stack     at IncomingMessage.<anonymous> (/usr/local/lib/node_modules/npm/node_modules/request/request.js:1009:12)
36 verbose stack     at IncomingMessage.emit (events.js:129:20)
36 verbose stack     at _stream_readable.js:908:16
37 verbose statusCode 403
38 verbose pkgid m3u8_to_mpegts
39 verbose cwd /Users/Dynopia/tmp/m3u8_to_mpegts
40 error Darwin 15.3.0
41 error argv "node" "/usr/local/bin/npm" "publish"
42 error node v0.12.7
43 error npm  v3.3.5
44 error code E403
45 error "You cannot publish over the previously published version 1.0.0." : m3u8_to_mpegts
46 error If you need help, you may report this error at:
46 error     <https://github.com/npm/npm/issues>
47 verbose exit [ 1, true ]
